f:\source\repos\lagrange\debug\vc143.pdb
f:\source\repos\lagrange\debug\vc143.idb
f:\source\repos\lagrange\debug\lagrange.obj
f:\source\repos\lagrange\debug\vc142.pdb
f:\source\repos\lagrange\debug\vc142.idb
f:\source\repos\lagrange\debug\lagrange.exe
f:\source\repos\lagrange\debug\lagrange.ilk
f:\source\repos\lagrange\debug\lagrange.pdb
c:\users\9234~1\appdata\local\temp\lnk{b6969566-202a-470a-8069-ceb73639b9c4}.tmp
f:\source\repos\lagrange\debug\lagrange.obj.enc
f:\source\repos\lagrange\debug\lagrange.tlog\cl.command.1.tlog
f:\source\repos\lagrange\debug\lagrange.tlog\cl.read.1.tlog
f:\source\repos\lagrange\debug\lagrange.tlog\cl.write.1.tlog
f:\source\repos\lagrange\debug\lagrange.tlog\icl-mcpcom.read.1.tlog
f:\source\repos\lagrange\debug\lagrange.tlog\icl-mcpcom.write.1.tlog
f:\source\repos\lagrange\debug\lagrange.tlog\icl.command.1.tlog
f:\source\repos\lagrange\debug\lagrange.tlog\icl.read.1.tlog
f:\source\repos\lagrange\debug\lagrange.tlog\icl.write.1.tlog
f:\source\repos\lagrange\debug\lagrange.tlog\link.command.1.tlog
f:\source\repos\lagrange\debug\lagrange.tlog\link.delete.1.tlog
f:\source\repos\lagrange\debug\lagrange.tlog\link.read.1.tlog
f:\source\repos\lagrange\debug\lagrange.tlog\link.write.1.tlog
f:\source\repos\lagrange\debug\lagrange.tlog\xilink-link-cvtres.read.1.tlog
f:\source\repos\lagrange\debug\lagrange.tlog\xilink-link-cvtres.write.1.tlog
f:\source\repos\lagrange\debug\lagrange.tlog\xilink-link-rc.read.1.tlog
f:\source\repos\lagrange\debug\lagrange.tlog\xilink-link-rc.write.1.tlog
f:\source\repos\lagrange\debug\lagrange.tlog\xilink-link.delete.1.tlog
f:\source\repos\lagrange\debug\lagrange.tlog\xilink-link.read.1.tlog
f:\source\repos\lagrange\debug\lagrange.tlog\xilink-link.read.2.tlog
f:\source\repos\lagrange\debug\lagrange.tlog\xilink-link.write.1.tlog
f:\source\repos\lagrange\debug\lagrange.tlog\xilink.command.1.tlog
f:\source\repos\lagrange\debug\lagrange.tlog\xilink.read.1.tlog
f:\source\repos\lagrange\debug\lagrange.tlog\xilink.write.1.tlog
